<?xml version="1.0" encoding="UTF-8"?>
<!-- Generated by org.testng.reporters.JUnitReportReporter -->
<testsuite hostname="LAPTOP-POTAI8HB" failures="0" tests="4" name="api.test.Usertests" time="9.028" errors="0" timestamp="2023-09-13T11:40:02 IST" skipped="0">
  <testcase classname="api.test.Usertests" name="testPostUser" time="4.054"/>
  <testcase classname="api.test.Usertests" name="testgetUserByUserName" time="1.270"/>
  <testcase classname="api.test.Usertests" name="testUpdateUserByUsername" time="2.496"/>
  <testcase classname="api.test.Usertests" name="testDeleteUserByUername" time="1.208"/>
</testsuite> <!-- api.test.Usertests -->
