<?xml version="1.0" encoding="UTF-8"?>
<!-- Generated by org.testng.reporters.JUnitReportReporter -->
<testsuite hostname="LAPTOP-POTAI8HB" failures="0" tests="7" name="api.test.PetTests" time="11.777" errors="0" timestamp="2023-09-13T11:40:02 IST" skipped="0">
  <testcase classname="api.test.PetTests" name="UploadPetImageUsing_Post_Request" time="2.136"/>
  <testcase classname="api.test.PetTests" name="AddNewPetToStoreUsing_Post_Request" time="1.358"/>
  <testcase classname="api.test.PetTests" name="UpdateTheExistingPetUsing_Put_Request" time="1.638"/>
  <testcase classname="api.test.PetTests" name="GetPetDetailsUsingStatus_GET_Request" time="2.225"/>
  <testcase classname="api.test.PetTests" name="GetPetByID_Get_Request" time="1.564"/>
  <testcase classname="api.test.PetTests" name="UpdatepetUsingData_Post_Request" time="1.528"/>
  <testcase classname="api.test.PetTests" name="DeletingThePet" time="1.328"/>
</testsuite> <!-- api.test.PetTests -->
